<?xml version="1.0" encoding="UTF-8"?>
<testsuite xmlns:xsi="http://www.w3.org/2001/XMLSchema-instance" xsi:noNamespaceSchemaLocation="https://maven.apache.org/surefire/maven-surefire-plugin/xsd/surefire-test-report.xsd" name="it.rjcsoft.prv.utils.PrvRolesUtilsTest" time="0.354" tests="6" errors="0" skipped="0" failures="0">
  <properties>
[...]
</properties>
  <testcase name="ifRoleIsGuestAndCallUtilityMethodsThenAllWillBeChecked" classname="it.rjcsoft.prv.utils.PrvRolesUtilsTest" time="0.245"/>
  <testcase name="ifRoleIsWriterExtAndCallUtilityMethodsThenAllWillBeChecked" classname="it.rjcsoft.prv.utils.PrvRolesUtilsTest" time="0.018"/>
  <testcase name="ifRoleIsWriterIntAndCallUtilityMethodsThenAllWillBeChecked" classname="it.rjcsoft.prv.utils.PrvRolesUtilsTest" time="0.003"/>
  <testcase name="ifRoleIsReaderExtAndCallUtilityMethodsThenAllWillBeChecked" classname="it.rjcsoft.prv.utils.PrvRolesUtilsTest" time="0.002"/>
  <testcase name="ifRoleIsAdminAndCallUtilityMethodsThenAllWillBeChecked" classname="it.rjcsoft.prv.utils.PrvRolesUtilsTest" time="0.002"/>
  <testcase name="ifRoleIsReaderIntAndCallUtilityMethodsThenAllWillBeChecked" classname="it.rjcsoft.prv.utils.PrvRolesUtilsTest" time="0.006"/>
</testsuite>